<?xml version="1.0" encoding="UTF-8"?>
<!-- Generated by org.testng.reporters.JUnitReportReporter -->
<testsuite hostname="USHYDNEHAKUSIN2" failures="0" tests="13" name="FlightSearchAutomationTest.FlightSearch" time="12.334" errors="0" timestamp="2023-05-24T15:10:15 IST" skipped="0">
  <testcase classname="FlightSearchAutomationTest.FlightSearch" name="testPopup" time="1.058"/>
  <system-out/>
  <testcase classname="FlightSearchAutomationTest.FlightSearch" name="clickOnFromStation" time="0.204"/>
  <system-out/>
  <testcase classname="FlightSearchAutomationTest.FlightSearch" name="testHyd" time="0.318"/>
  <system-out/>
  <testcase classname="FlightSearchAutomationTest.FlightSearch" name="testDestination" time="0.141"/>
  <system-out/>
  <testcase classname="FlightSearchAutomationTest.FlightSearch" name="testPune" time="0.267"/>
  <system-out/>
  <testcase classname="FlightSearchAutomationTest.FlightSearch" name="testDeparture" time="0.096"/>
  <system-out/>
  <testcase classname="FlightSearchAutomationTest.FlightSearch" name="testDate" time="0.092"/>
  <system-out/>
  <testcase classname="FlightSearchAutomationTest.FlightSearch" name="testTraveller" time="0.096"/>
  <system-out/>
  <testcase classname="FlightSearchAutomationTest.FlightSearch" name="testEconomy" time="0.222"/>
  <system-out/>
  <testcase classname="FlightSearchAutomationTest.FlightSearch" name="testSearch" time="0.113"/>
  <system-out/>
  <testcase classname="FlightSearchAutomationTest.FlightSearch" name="testDetails" time="1.811"/>
  <system-out/>
  <testcase classname="FlightSearchAutomationTest.FlightSearch" name="displayDetails" time="0.604"/>
  <system-out/>
  <testcase classname="FlightSearchAutomationTest.FlightSearch" name="captureScreenshot" time="7.312"/>
  <system-out/>
</testsuite> <!-- FlightSearchAutomationTest.FlightSearch -->
