<?xml version="1.0" encoding="UTF-8"?>
<!-- Generated by org.testng.reporters.JUnitReportReporter -->
<testsuite hostname="USHYDNEHAKUSIN2" failures="0" tests="13" name="FlightSearchAutomationTest.FlightSearch" time="35.244" errors="0" timestamp="2023-05-29T15:00:06 IST" skipped="0">
  <testcase classname="FlightSearchAutomationTest.FlightSearch" name="testPopup" time="4.517"/>
  <system-out/>
  <testcase classname="FlightSearchAutomationTest.FlightSearch" name="clickOnFromStation" time="2.189"/>
  <system-out/>
  <testcase classname="FlightSearchAutomationTest.FlightSearch" name="testHyd" time="2.274"/>
  <system-out/>
  <testcase classname="FlightSearchAutomationTest.FlightSearch" name="testDestination" time="2.107"/>
  <system-out/>
  <testcase classname="FlightSearchAutomationTest.FlightSearch" name="testPune" time="0.818"/>
  <system-out/>
  <testcase classname="FlightSearchAutomationTest.FlightSearch" name="testDeparture" time="2.154"/>
  <system-out/>
  <testcase classname="FlightSearchAutomationTest.FlightSearch" name="testDate" time="2.171"/>
  <system-out/>
  <testcase classname="FlightSearchAutomationTest.FlightSearch" name="testTraveller" time="2.118"/>
  <system-out/>
  <testcase classname="FlightSearchAutomationTest.FlightSearch" name="testEconomy" time="2.220"/>
  <system-out/>
  <testcase classname="FlightSearchAutomationTest.FlightSearch" name="testSearch" time="2.201"/>
  <system-out/>
  <testcase classname="FlightSearchAutomationTest.FlightSearch" name="testDetails" time="2.128"/>
  <system-out/>
  <testcase classname="FlightSearchAutomationTest.FlightSearch" name="displayDetails" time="3.145"/>
  <system-out/>
  <testcase classname="FlightSearchAutomationTest.FlightSearch" name="captureScreenshot" time="7.202"/>
  <system-out/>
</testsuite> <!-- FlightSearchAutomationTest.FlightSearch -->
